{
  "RSpec": {
    "coverage": {
      "/Users/tiffanyvallo/Makers/Projects/chitter-ruby/app.rb": {
        "lines": [
          null,
          null,
          1,
          1,
          1,
          1,
          1,
          1,
          null,
          1,
          1,
          0,
          0,
          null,
          null,
          1,
          12,
          null,
          null,
          1,
          6,
          null,
          null,
          1,
          6,
          null,
          null,
          5,
          null,
          null,
          6,
          null,
          null,
          1,
          3,
          3,
          3,
          null,
          3,
          null,
          null,
          0,
          null,
          null,
          null,
          1,
          0,
          null,
          0,
          null,
          null,
          1,
          3,
          3,
          null,
          null,
          null,
          null
        ]
      },
      "/Users/tiffanyvallo/Makers/Projects/chitter-ruby/lib/user.rb": {
        "lines": [
          null,
          null,
          1,
          1,
          1,
          null,
          1,
          1,
          null,
          1,
          36,
          36,
          null,
          null,
          1,
          2,
          2,
          11,
          null,
          null,
          null,
          1,
          19,
          19,
          null,
          null,
          19,
          null,
          null,
          null,
          1,
          8,
          8,
          2,
          null,
          null,
          null,
          1,
          4,
          4,
          4,
          4,
          null,
          null,
          null,
          null
        ]
      },
      "/Users/tiffanyvallo/Makers/Projects/chitter-ruby/db_connection_setup.rb": {
        "lines": [
          null,
          null,
          1,
          null,
          1,
          1,
          null,
          0,
          null
        ]
      },
      "/Users/tiffanyvallo/Makers/Projects/chitter-ruby/lib/database_connection.rb": {
        "lines": [
          null,
          null,
          1,
          null,
          1,
          1,
          4,
          null,
          null,
          1,
          1,
          null,
          null,
          1,
          34,
          null,
          null
        ]
      },
      "/Users/tiffanyvallo/Makers/Projects/chitter-ruby/spec/features/login_spec.rb": {
        "lines": [
          null,
          1,
          null,
          1,
          1,
          1,
          1,
          1,
          1,
          0,
          null,
          null
        ]
      },
      "/Users/tiffanyvallo/Makers/Projects/chitter-ruby/spec/unit/web_helper.rb": {
        "lines": [
          1,
          5,
          5,
          5,
          5,
          5,
          5,
          null,
          null,
          1,
          2,
          2,
          2,
          null,
          null
        ]
      },
      "/Users/tiffanyvallo/Makers/Projects/chitter-ruby/spec/features/logout_spec.rb": {
        "lines": [
          null,
          1,
          null,
          1,
          1,
          1,
          1,
          0,
          0,
          null,
          null
        ]
      },
      "/Users/tiffanyvallo/Makers/Projects/chitter-ruby/spec/features/signup_spec.rb": {
        "lines": [
          null,
          1,
          null,
          1,
          1,
          1,
          1,
          1,
          1,
          1,
          1,
          1,
          null,
          null,
          1,
          1,
          1,
          1,
          null,
          null
        ]
      },
      "/Users/tiffanyvallo/Makers/Projects/chitter-ruby/spec/features/view_peeps_spec.rb": {
        "lines": [
          null,
          1,
          null,
          1,
          1,
          1,
          1,
          0,
          null,
          null
        ]
      },
      "/Users/tiffanyvallo/Makers/Projects/chitter-ruby/spec/features/view_rootpage_spec.rb": {
        "lines": [
          null,
          null,
          null,
          null,
          null,
          null,
          null,
          null
        ]
      },
      "/Users/tiffanyvallo/Makers/Projects/chitter-ruby/spec/unit/database_connection_spec.rb": {
        "lines": [
          null,
          null,
          1,
          null,
          1,
          1,
          1,
          1,
          1,
          null,
          null,
          null,
          1,
          1,
          1,
          1,
          null,
          null,
          null,
          1,
          1,
          1,
          1,
          1,
          null,
          null,
          null
        ]
      },
      "/Users/tiffanyvallo/Makers/Projects/chitter-ruby/spec/unit/peep_spec.rb": {
        "lines": [
          1,
          1,
          null,
          1,
          2,
          1,
          1,
          1,
          1,
          1,
          null,
          null,
          null
        ]
      },
      "/Users/tiffanyvallo/Makers/Projects/chitter-ruby/lib/peep.rb": {
        "lines": [
          1,
          null,
          1,
          0,
          0,
          0,
          null,
          null,
          null
        ]
      },
      "/Users/tiffanyvallo/Makers/Projects/chitter-ruby/spec/unit/user_spec.rb": {
        "lines": [
          null,
          null,
          1,
          1,
          null,
          1,
          1,
          1,
          1,
          11,
          1,
          1,
          1,
          null,
          null,
          null,
          null,
          1,
          1,
          1,
          1,
          1,
          1,
          null,
          null,
          1,
          1,
          1,
          null,
          null,
          null,
          1,
          1,
          1,
          1,
          1,
          null,
          1,
          1,
          null,
          null,
          null,
          1,
          1,
          1,
          1,
          1,
          null,
          null,
          null
        ]
      }
    },
    "timestamp": 1626729439
  }
}
